<?xml version="1.0" encoding="UTF-8"?>
<robot generator="Robot 4.0.1 (Python 3.8.8 on win32)" generated="20210422 11:06:07.775" rpa="false" schemaversion="2">
<suite id="s1" name="Tests" source="C:\Users\mert.yesin\PycharmProjects\westwing\Tests">
<suite id="s1-s1" name="WishlistTest" source="C:\Users\mert.yesin\PycharmProjects\westwing\Tests\WishlistTest.robot">
<test id="s1-s1-t1" name="Add and remove an item to wishlist">
<kw name="Start Test Case" library="CommonKeywords" type="SETUP">
<doc>Get requested url, a browser and login to website</doc>
<kw name="Get url and browser type" library="CommonKeywords">
<var>${url}</var>
<var>${browser_type}</var>
<doc>Return url and browser type locators</doc>
<kw name="Read test data" library="CommonKeywords">
<var>${object}</var>
<doc>Get url and browser to start test</doc>
<kw name="Get File" library="OperatingSystem">
<var>${json}</var>
<arg>../data/test_data.json</arg>
<doc>Returns the contents of a specified file.</doc>
<msg timestamp="20210422 11:06:08.352" level="INFO" html="true">Getting file '&lt;a href="file://C:\Users\mert.yesin\PycharmProjects\data\test_data.json"&gt;C:\Users\mert.yesin\PycharmProjects\data\test_data.json&lt;/a&gt;'.</msg>
<msg timestamp="20210422 11:06:08.352" level="FAIL">FileNotFoundError: [Errno 2] No such file or directory: 'C:\\Users\\mert.yesin\\PycharmProjects\\data\\test_data.json'</msg>
<status status="FAIL" starttime="20210422 11:06:08.352" endtime="20210422 11:06:08.352"/>
</kw>
<kw name="Evaluate" library="BuiltIn">
<var>${object}</var>
<arg>json.loads(r'''${json}''')</arg>
<doc>Evaluates the given expression in Python and returns the result.</doc>
<status status="NOT RUN" starttime="20210422 11:06:08.352" endtime="20210422 11:06:08.352"/>
</kw>
<status status="FAIL" starttime="20210422 11:06:08.352" endtime="20210422 11:06:08.352"/>
</kw>
<kw name="Set Variable" library="BuiltIn">
<var>${url}</var>
<arg>${object["url"]}</arg>
<doc>Returns the given values which can then be assigned to a variables.</doc>
<status status="NOT RUN" starttime="20210422 11:06:08.353" endtime="20210422 11:06:08.353"/>
</kw>
<kw name="Set Variable" library="BuiltIn">
<var>${browser_type}</var>
<arg>${object["browserType"]}</arg>
<doc>Returns the given values which can then be assigned to a variables.</doc>
<status status="NOT RUN" starttime="20210422 11:06:08.353" endtime="20210422 11:06:08.353"/>
</kw>
<status status="FAIL" starttime="20210422 11:06:08.351" endtime="20210422 11:06:08.353"/>
</kw>
<kw name="Get user credentials" library="CommonKeywords">
<var>${email}</var>
<var>${password}</var>
<doc>Return email and password locators</doc>
<status status="NOT RUN" starttime="20210422 11:06:08.353" endtime="20210422 11:06:08.353"/>
</kw>
<kw name="Open Browser" library="SeleniumLibrary">
<arg>${url}</arg>
<arg>${browser_type}</arg>
<doc>Opens a new browser instance to the optional ``url``.</doc>
<status status="NOT RUN" starttime="20210422 11:06:08.353" endtime="20210422 11:06:08.353"/>
</kw>
<kw name="Sleep" library="BuiltIn">
<arg>5</arg>
<doc>Pauses the test executed for the given time.</doc>
<status status="NOT RUN" starttime="20210422 11:06:08.353" endtime="20210422 11:06:08.353"/>
</kw>
<kw name="Login" library="LoginPage">
<arg>${email}</arg>
<arg>${password}</arg>
<status status="NOT RUN" starttime="20210422 11:06:08.353" endtime="20210422 11:06:08.353"/>
</kw>
<status status="FAIL" starttime="20210422 11:06:08.350" endtime="20210422 11:06:08.353"/>
</kw>
<kw name="Finish Test Case" library="CommonKeywords" type="TEARDOWN">
<doc>Teardown for all test cases</doc>
<kw name="Close Browser" library="SeleniumLibrary">
<doc>Closes the current browser.</doc>
<status status="PASS" starttime="20210422 11:06:08.354" endtime="20210422 11:06:08.354"/>
</kw>
<status status="PASS" starttime="20210422 11:06:08.354" endtime="20210422 11:06:08.354"/>
</kw>
<doc>This test case checks that the items which are added to wishlist and removed from wishlist</doc>
<status status="FAIL" starttime="20210422 11:06:08.350" endtime="20210422 11:06:08.354">Setup failed:
FileNotFoundError: [Errno 2] No such file or directory: 'C:\\Users\\mert.yesin\\PycharmProjects\\data\\test_data.json'</status>
</test>
<doc>Westwing website wishlist test</doc>
<status status="FAIL" starttime="20210422 11:06:07.806" endtime="20210422 11:06:08.355"/>
</suite>
<status status="FAIL" starttime="20210422 11:06:07.776" endtime="20210422 11:06:08.356"/>
</suite>
<statistics>
<total>
<stat pass="0" fail="1" skip="0">All Tests</stat>
</total>
<tag>
</tag>
<suite>
<stat pass="0" fail="1" skip="0" id="s1" name="Tests">Tests</stat>
<stat pass="0" fail="1" skip="0" id="s1-s1" name="WishlistTest">Tests.WishlistTest</stat>
</suite>
</statistics>
<errors>
</errors>
</robot>
