<?xml version="1.0" encoding="UTF-8"?>
<robot generator="Robot 4.0.1 (Python 3.8.8 on win32)" generated="20210417 18:31:06.274" rpa="false" schemaversion="2">
<suite id="s1" name="Test" source="C:\Users\mert.yesin\PycharmProjects\westwing\test.robot">
<test id="s1-t1" name="Add and remove an item to wishlist">
<kw name="Get url and browser type" library="CommonKeywords">
<var>${url}</var>
<var>${browser_type}</var>
<doc>TBD</doc>
<kw name="Get File" library="OperatingSystem">
<var>${json}</var>
<arg>../westwing/data/test_data.json</arg>
<doc>Returns the contents of a specified file.</doc>
<msg timestamp="20210417 18:31:06.544" level="INFO" html="true">Getting file '&lt;a href="file://C:\Users\mert.yesin\PycharmProjects\westwing\data\test_data.json"&gt;C:\Users\mert.yesin\PycharmProjects\westwing\data\test_data.json&lt;/a&gt;'.</msg>
<msg timestamp="20210417 18:31:06.544" level="INFO">${json} = {
  "url": "http://www.westwingnow.de",
  "browserType": "chrome"
}</msg>
<status status="PASS" starttime="20210417 18:31:06.544" endtime="20210417 18:31:06.544"/>
</kw>
<kw name="Evaluate" library="BuiltIn">
<var>${object}</var>
<arg>json.loads(r'''${json}''')</arg>
<doc>Evaluates the given expression in Python and returns the result.</doc>
<msg timestamp="20210417 18:31:06.544" level="INFO">${object} = {'url': 'http://www.westwingnow.de', 'browserType': 'chrome'}</msg>
<status status="PASS" starttime="20210417 18:31:06.544" endtime="20210417 18:31:06.544"/>
</kw>
<kw name="Set Variable" library="BuiltIn">
<var>${url}</var>
<arg>${object["url"]}</arg>
<doc>Returns the given values which can then be assigned to a variables.</doc>
<msg timestamp="20210417 18:31:06.544" level="INFO">${url} = http://www.westwingnow.de</msg>
<status status="PASS" starttime="20210417 18:31:06.544" endtime="20210417 18:31:06.544"/>
</kw>
<kw name="Set Variable" library="BuiltIn">
<var>${browser_type}</var>
<arg>${object["browserType"]}</arg>
<doc>Returns the given values which can then be assigned to a variables.</doc>
<msg timestamp="20210417 18:31:06.544" level="INFO">${browser_type} = chrome</msg>
<status status="PASS" starttime="20210417 18:31:06.544" endtime="20210417 18:31:06.544"/>
</kw>
<msg timestamp="20210417 18:31:06.544" level="INFO">${url} = http://www.westwingnow.de</msg>
<msg timestamp="20210417 18:31:06.544" level="INFO">${browser_type} = chrome</msg>
<status status="PASS" starttime="20210417 18:31:06.544" endtime="20210417 18:31:06.544"/>
</kw>
<kw name="Get user credentials" library="CommonKeywords">
<var>${email}</var>
<var>${password}</var>
<kw name="Get File" library="OperatingSystem">
<var>${json}</var>
<arg>../westwing/data/user_credentials.json</arg>
<doc>Returns the contents of a specified file.</doc>
<msg timestamp="20210417 18:31:06.544" level="INFO" html="true">Getting file '&lt;a href="file://C:\Users\mert.yesin\PycharmProjects\westwing\data\user_credentials.json"&gt;C:\Users\mert.yesin\PycharmProjects\westwing\data\user_credentials.json&lt;/a&gt;'.</msg>
<msg timestamp="20210417 18:31:06.544" level="INFO">${json} = {
  "registerInfo": [
    {
      "first_name": "Mustafa Mert",
      "last_name": "Yesin",
      "phone": "+905315993639",
      "email": "mertyesin89@gmail.com",
      "password": "14101969944"
    ...</msg>
<status status="PASS" starttime="20210417 18:31:06.544" endtime="20210417 18:31:06.544"/>
</kw>
<kw name="Evaluate" library="BuiltIn">
<var>${object}</var>
<arg>json.loads(r'''${json}''')</arg>
<doc>Evaluates the given expression in Python and returns the result.</doc>
<msg timestamp="20210417 18:31:06.544" level="INFO">${object} = {'registerInfo': [{'first_name': 'Mustafa Mert', 'last_name': 'Yesin', 'phone': '+905315993639', 'email': 'mertyesin89@gmail.com', 'password': '14101969944'}]}</msg>
<status status="PASS" starttime="20210417 18:31:06.544" endtime="20210417 18:31:06.544"/>
</kw>
<kw name="Set Variable" library="BuiltIn">
<var>${email}</var>
<arg>${object["registerInfo"][0]["email"]}</arg>
<doc>Returns the given values which can then be assigned to a variables.</doc>
<msg timestamp="20210417 18:31:06.544" level="INFO">${email} = mertyesin89@gmail.com</msg>
<status status="PASS" starttime="20210417 18:31:06.544" endtime="20210417 18:31:06.544"/>
</kw>
<kw name="Set Variable" library="BuiltIn">
<var>${password}</var>
<arg>${object["registerInfo"][0]["password"]}</arg>
<doc>Returns the given values which can then be assigned to a variables.</doc>
<msg timestamp="20210417 18:31:06.544" level="INFO">${password} = 14101969944</msg>
<status status="PASS" starttime="20210417 18:31:06.544" endtime="20210417 18:31:06.544"/>
</kw>
<msg timestamp="20210417 18:31:06.544" level="INFO">${email} = mertyesin89@gmail.com</msg>
<msg timestamp="20210417 18:31:06.544" level="INFO">${password} = 14101969944</msg>
<status status="PASS" starttime="20210417 18:31:06.544" endtime="20210417 18:31:06.544"/>
</kw>
<kw name="Open Browser" library="SeleniumLibrary">
<arg>${url}</arg>
<arg>${browser_type}</arg>
<doc>Opens a new browser instance to the optional ``url``.</doc>
<msg timestamp="20210417 18:31:06.544" level="INFO">Opening browser 'chrome' to base url 'http://www.westwingnow.de'.</msg>
<status status="PASS" starttime="20210417 18:31:06.544" endtime="20210417 18:31:09.594"/>
</kw>
<kw name="Sleep" library="BuiltIn">
<arg>5</arg>
<doc>Pauses the test executed for the given time.</doc>
<msg timestamp="20210417 18:31:14.605" level="INFO">Slept 5 seconds</msg>
<status status="PASS" starttime="20210417 18:31:09.595" endtime="20210417 18:31:14.605"/>
</kw>
<kw name="Login" library="PageObjects">
<var>${registered_name}</var>
<arg>${email}</arg>
<arg>${password}</arg>
<kw name="Accept Cookies" library="LoginPage">
<kw name="Get cookie button" library="CommonKeywords">
<var>${Cookie_button}</var>
<doc>TBD</doc>
<kw name="Get File" library="OperatingSystem">
<var>${json}</var>
<arg>../westwing/library/ObjectRepository.json</arg>
<doc>Returns the contents of a specified file.</doc>
<msg timestamp="20210417 18:31:14.605" level="INFO" html="true">Getting file '&lt;a href="file://C:\Users\mert.yesin\PycharmProjects\westwing\library\ObjectRepository.json"&gt;C:\Users\mert.yesin\PycharmProjects\westwing\library\ObjectRepository.json&lt;/a&gt;'.</msg>
<msg timestamp="20210417 18:31:14.605" level="INFO">${json} = {
   "MainPage":[
      {
         "MenuTab":[
            {
               "Neu":"//*[@id=\"wwOneHeader\"]/div/div[2]/nav/ul/li[1]/a/span[2]",
               "Collection":"//*[@id=\"wwOneHeader\"]/di...</msg>
<status status="PASS" starttime="20210417 18:31:14.605" endtime="20210417 18:31:14.605"/>
</kw>
<kw name="Evaluate" library="BuiltIn">
<var>${object}</var>
<arg>json.loads(r'''${json}''')</arg>
<doc>Evaluates the given expression in Python and returns the result.</doc>
<msg timestamp="20210417 18:31:14.605" level="INFO">${object} = {'MainPage': [{'MenuTab': [{'Neu': '//*[@id="wwOneHeader"]/div/div[2]/nav/ul/li[1]/a/span[2]', 'Collection': '//*[@id="wwOneHeader"]/div/div[2]/nav/ul/li[2]/a/span[2]', 'Looks': '//*[@id="wwOneHeader"...</msg>
<status status="PASS" starttime="20210417 18:31:14.605" endtime="20210417 18:31:14.605"/>
</kw>
<kw name="Set Variable" library="BuiltIn">
<var>${Cookie_button}</var>
<arg>${object["MainPage"][0]["MenuTab"][1]["acceptCookie"]}</arg>
<doc>Returns the given values which can then be assigned to a variables.</doc>
<msg timestamp="20210417 18:31:14.605" level="INFO">${Cookie_button} = //*[@id="onetrust-accept-btn-handler"]</msg>
<status status="PASS" starttime="20210417 18:31:14.605" endtime="20210417 18:31:14.605"/>
</kw>
<msg timestamp="20210417 18:31:14.605" level="INFO">${Cookie_button} = //*[@id="onetrust-accept-btn-handler"]</msg>
<status status="PASS" starttime="20210417 18:31:14.605" endtime="20210417 18:31:14.605"/>
</kw>
<kw name="Click Element" library="SeleniumLibrary">
<arg>${Cookie_button}</arg>
<doc>Click the element identified by ``locator``.</doc>
<msg timestamp="20210417 18:31:14.605" level="INFO">Clicking element '//*[@id="onetrust-accept-btn-handler"]'.</msg>
<status status="PASS" starttime="20210417 18:31:14.605" endtime="20210417 18:31:14.669"/>
</kw>
<status status="PASS" starttime="20210417 18:31:14.605" endtime="20210417 18:31:14.669"/>
</kw>
<kw name="Input Username and Password" library="LoginPage">
<arg>${email}</arg>
<arg>${password}</arg>
<kw name="Get xpaths of login window from the JSON file for Home Page" library="CommonKeywords">
<var>${username_locator}</var>
<var>${password_locator}</var>
<var>${recieveMailBox}</var>
<var>${RegisterButton}</var>
<doc>TBD</doc>
<kw name="Get File" library="OperatingSystem">
<var>${json}</var>
<arg>../westwing/library/ObjectRepository.json</arg>
<doc>Returns the contents of a specified file.</doc>
<msg timestamp="20210417 18:31:14.670" level="INFO" html="true">Getting file '&lt;a href="file://C:\Users\mert.yesin\PycharmProjects\westwing\library\ObjectRepository.json"&gt;C:\Users\mert.yesin\PycharmProjects\westwing\library\ObjectRepository.json&lt;/a&gt;'.</msg>
<msg timestamp="20210417 18:31:14.670" level="INFO">${json} = {
   "MainPage":[
      {
         "MenuTab":[
            {
               "Neu":"//*[@id=\"wwOneHeader\"]/div/div[2]/nav/ul/li[1]/a/span[2]",
               "Collection":"//*[@id=\"wwOneHeader\"]/di...</msg>
<status status="PASS" starttime="20210417 18:31:14.670" endtime="20210417 18:31:14.670"/>
</kw>
<kw name="Evaluate" library="BuiltIn">
<var>${object}</var>
<arg>json.loads(r'''${json}''')</arg>
<doc>Evaluates the given expression in Python and returns the result.</doc>
<msg timestamp="20210417 18:31:14.671" level="INFO">${object} = {'MainPage': [{'MenuTab': [{'Neu': '//*[@id="wwOneHeader"]/div/div[2]/nav/ul/li[1]/a/span[2]', 'Collection': '//*[@id="wwOneHeader"]/div/div[2]/nav/ul/li[2]/a/span[2]', 'Looks': '//*[@id="wwOneHeader"...</msg>
<status status="PASS" starttime="20210417 18:31:14.671" endtime="20210417 18:31:14.671"/>
</kw>
<kw name="Set Variable" library="BuiltIn">
<var>${username}</var>
<arg>${object["MainPage"][2]["LoginPage"][0]["username"]}</arg>
<doc>Returns the given values which can then be assigned to a variables.</doc>
<msg timestamp="20210417 18:31:14.672" level="INFO">${username} = //input[@type='email']</msg>
<status status="PASS" starttime="20210417 18:31:14.671" endtime="20210417 18:31:14.672"/>
</kw>
<kw name="Set Variable" library="BuiltIn">
<var>${password}</var>
<arg>${object["MainPage"][2]["LoginPage"][0]["password"]}</arg>
<doc>Returns the given values which can then be assigned to a variables.</doc>
<msg timestamp="20210417 18:31:14.672" level="INFO">${password} = //input[@type='password']</msg>
<status status="PASS" starttime="20210417 18:31:14.672" endtime="20210417 18:31:14.673"/>
</kw>
<kw name="Set Variable" library="BuiltIn">
<var>${recieveMailBox}</var>
<arg>${object["MainPage"][2]["LoginPage"][0]["recieveMailBox"]}</arg>
<doc>Returns the given values which can then be assigned to a variables.</doc>
<msg timestamp="20210417 18:31:14.674" level="INFO">${recieveMailBox} = //input[@type='checkbox']</msg>
<status status="PASS" starttime="20210417 18:31:14.673" endtime="20210417 18:31:14.674"/>
</kw>
<kw name="Set Variable" library="BuiltIn">
<var>${RegisterButton}</var>
<arg>${object["MainPage"][2]["LoginPage"][0]["RegisterButton"]}</arg>
<doc>Returns the given values which can then be assigned to a variables.</doc>
<msg timestamp="20210417 18:31:14.675" level="INFO">${RegisterButton} = //button[@type='submit']</msg>
<status status="PASS" starttime="20210417 18:31:14.675" endtime="20210417 18:31:14.676"/>
</kw>
<msg timestamp="20210417 18:31:14.676" level="INFO">${username_locator} = //input[@type='email']</msg>
<msg timestamp="20210417 18:31:14.676" level="INFO">${password_locator} = //input[@type='password']</msg>
<msg timestamp="20210417 18:31:14.676" level="INFO">${recieveMailBox} = //input[@type='checkbox']</msg>
<msg timestamp="20210417 18:31:14.676" level="INFO">${RegisterButton} = //button[@type='submit']</msg>
<status status="PASS" starttime="20210417 18:31:14.669" endtime="20210417 18:31:14.676"/>
</kw>
<kw name="Input Text" library="SeleniumLibrary">
<arg>${username_locator}</arg>
<arg>${email}</arg>
<doc>Types the given ``text`` into the text field identified by ``locator``.</doc>
<msg timestamp="20210417 18:31:14.676" level="INFO">Typing text 'mertyesin89@gmail.com' into text field '//input[@type='email']'.</msg>
<status status="PASS" starttime="20210417 18:31:14.676" endtime="20210417 18:31:14.776"/>
</kw>
<kw name="Input Text" library="SeleniumLibrary">
<arg>${password_locator}</arg>
<arg>${password}</arg>
<doc>Types the given ``text`` into the text field identified by ``locator``.</doc>
<msg timestamp="20210417 18:31:14.776" level="INFO">Typing text '14101969944' into text field '//input[@type='password']'.</msg>
<status status="PASS" starttime="20210417 18:31:14.776" endtime="20210417 18:31:14.881"/>
</kw>
<kw name="Accept mail registration" library="LoginPage">
<arg>${recieveMailBox}</arg>
<kw name="Click Element" library="SeleniumLibrary">
<arg>${recieveMailBox}</arg>
<doc>Click the element identified by ``locator``.</doc>
<msg timestamp="20210417 18:31:14.881" level="INFO">Clicking element '//input[@type='checkbox']'.</msg>
<status status="PASS" starttime="20210417 18:31:14.881" endtime="20210417 18:31:15.064"/>
</kw>
<status status="PASS" starttime="20210417 18:31:14.881" endtime="20210417 18:31:15.065"/>
</kw>
<kw name="Click Element" library="SeleniumLibrary">
<arg>${RegisterButton}</arg>
<doc>Click the element identified by ``locator``.</doc>
<msg timestamp="20210417 18:31:15.065" level="INFO">Clicking element '//button[@type='submit']'.</msg>
<status status="PASS" starttime="20210417 18:31:15.065" endtime="20210417 18:31:15.142"/>
</kw>
<status status="PASS" starttime="20210417 18:31:14.669" endtime="20210417 18:31:15.142"/>
</kw>
<kw name="Get registered account name" library="HomePage">
<var>${name}</var>
<kw name="Get xpaths from the JSON file for Account" library="CommonKeywords">
<var>${account_name}</var>
<doc>TBD</doc>
<kw name="Get File" library="OperatingSystem">
<var>${json}</var>
<arg>../westwing/library/ObjectRepository.json</arg>
<doc>Returns the contents of a specified file.</doc>
<msg timestamp="20210417 18:31:15.143" level="INFO" html="true">Getting file '&lt;a href="file://C:\Users\mert.yesin\PycharmProjects\westwing\library\ObjectRepository.json"&gt;C:\Users\mert.yesin\PycharmProjects\westwing\library\ObjectRepository.json&lt;/a&gt;'.</msg>
<msg timestamp="20210417 18:31:15.143" level="INFO">${json} = {
   "MainPage":[
      {
         "MenuTab":[
            {
               "Neu":"//*[@id=\"wwOneHeader\"]/div/div[2]/nav/ul/li[1]/a/span[2]",
               "Collection":"//*[@id=\"wwOneHeader\"]/di...</msg>
<status status="PASS" starttime="20210417 18:31:15.143" endtime="20210417 18:31:15.143"/>
</kw>
<kw name="Evaluate" library="BuiltIn">
<var>${object}</var>
<arg>json.loads(r'''${json}''')</arg>
<doc>Evaluates the given expression in Python and returns the result.</doc>
<msg timestamp="20210417 18:31:15.144" level="INFO">${object} = {'MainPage': [{'MenuTab': [{'Neu': '//*[@id="wwOneHeader"]/div/div[2]/nav/ul/li[1]/a/span[2]', 'Collection': '//*[@id="wwOneHeader"]/div/div[2]/nav/ul/li[2]/a/span[2]', 'Looks': '//*[@id="wwOneHeader"...</msg>
<status status="PASS" starttime="20210417 18:31:15.144" endtime="20210417 18:31:15.144"/>
</kw>
<kw name="Set Variable" library="BuiltIn">
<var>${account_name}</var>
<arg>${object["MainPage"][3]["AccountName"]}</arg>
<doc>Returns the given values which can then be assigned to a variables.</doc>
<msg timestamp="20210417 18:31:15.145" level="INFO">${account_name} = //span[text()='Mein Konto']/following-sibling::span</msg>
<status status="PASS" starttime="20210417 18:31:15.144" endtime="20210417 18:31:15.145"/>
</kw>
<msg timestamp="20210417 18:31:15.145" level="INFO">${account_name} = //span[text()='Mein Konto']/following-sibling::span</msg>
<status status="PASS" starttime="20210417 18:31:15.143" endtime="20210417 18:31:15.145"/>
</kw>
<kw name="Get Text" library="SeleniumLibrary">
<arg>${account_name}</arg>
<doc>Returns the text value of the element identified by ``locator``.</doc>
<status status="PASS" starttime="20210417 18:31:15.145" endtime="20210417 18:31:15.159"/>
</kw>
<msg timestamp="20210417 18:31:15.159" level="INFO">${name} = None</msg>
<status status="PASS" starttime="20210417 18:31:15.142" endtime="20210417 18:31:15.159"/>
</kw>
<msg timestamp="20210417 18:31:15.159" level="INFO">${registered_name} = None</msg>
<status status="PASS" starttime="20210417 18:31:14.605" endtime="20210417 18:31:15.159"/>
</kw>
<kw name="Sleep" library="BuiltIn">
<arg>5</arg>
<doc>Pauses the test executed for the given time.</doc>
<msg timestamp="20210417 18:31:20.164" level="INFO">Slept 5 seconds</msg>
<status status="PASS" starttime="20210417 18:31:15.160" endtime="20210417 18:31:20.164"/>
</kw>
<kw name="Should Be True" library="BuiltIn">
<arg>"""${expected_name}""" in """${registered_name}"""</arg>
<doc>Fails if the given condition is not true.</doc>
<msg timestamp="20210417 18:31:20.167" level="FAIL">'"""Mustafa""" in """None"""' should be true.</msg>
<status status="FAIL" starttime="20210417 18:31:20.165" endtime="20210417 18:31:20.167"/>
</kw>
<kw name="Add first listed product in Mobel Section to the Wishlist" library="PageObjects">
<status status="NOT RUN" starttime="20210417 18:31:20.168" endtime="20210417 18:31:20.168"/>
</kw>
<kw name="Close Browser" library="SeleniumLibrary" type="TEARDOWN">
<doc>Closes the current browser.</doc>
<status status="PASS" starttime="20210417 18:31:20.169" endtime="20210417 18:31:22.384"/>
</kw>
<doc>This test case checks that the items which are added to wishlist and removed from wishlist</doc>
<status status="FAIL" starttime="20210417 18:31:06.544" endtime="20210417 18:31:22.384">'"""Mustafa""" in """None"""' should be true.</status>
</test>
<doc>Westwing test automation script</doc>
<status status="FAIL" starttime="20210417 18:31:06.284" endtime="20210417 18:31:22.384"/>
</suite>
<statistics>
<total>
<stat pass="0" fail="1" skip="0">All Tests</stat>
</total>
<tag>
</tag>
<suite>
<stat pass="0" fail="1" skip="0" id="s1" name="Test">Test</stat>
</suite>
</statistics>
<errors>
</errors>
</robot>
