<?xml version="1.0" encoding="UTF-8"?>
<robot generator="Robot 4.0.1 (Python 3.8.8 on win32)" generated="20210420 00:12:17.871" rpa="false" schemaversion="2">
<suite id="s1" name="WishlistTest" source="C:\Users\mert.yesin\PycharmProjects\westwing\Tests\WishlistTest.robot">
<test id="s1-t1" name="Add and remove an item to wishlist">
<kw name="Start Test Case" library="CommonKeywords" type="SETUP">
<doc>Get requested url, a browser and login to website</doc>
<kw name="Get url and browser type" library="CommonKeywords">
<var>${url}</var>
<var>${browser_type}</var>
<doc>Return url and browser type locators</doc>
<kw name="Read test data" library="CommonKeywords">
<var>${object}</var>
<doc>Get url and browser to start test</doc>
<kw name="Get File" library="OperatingSystem">
<var>${json}</var>
<arg>../data/test_data.json</arg>
<doc>Returns the contents of a specified file.</doc>
<msg timestamp="20210420 00:12:18.218" level="INFO" html="true">Getting file '&lt;a href="file://C:\Users\mert.yesin\PycharmProjects\westwing\data\test_data.json"&gt;C:\Users\mert.yesin\PycharmProjects\westwing\data\test_data.json&lt;/a&gt;'.</msg>
<msg timestamp="20210420 00:12:18.218" level="INFO">${json} = {
  "url": "http://www.westwingnow.de",
  "browserType": "chrome"
}</msg>
<status status="PASS" starttime="20210420 00:12:18.216" endtime="20210420 00:12:18.218"/>
</kw>
<kw name="Evaluate" library="BuiltIn">
<var>${object}</var>
<arg>json.loads(r'''${json}''')</arg>
<doc>Evaluates the given expression in Python and returns the result.</doc>
<msg timestamp="20210420 00:12:18.218" level="INFO">${object} = {'url': 'http://www.westwingnow.de', 'browserType': 'chrome'}</msg>
<status status="PASS" starttime="20210420 00:12:18.218" endtime="20210420 00:12:18.218"/>
</kw>
<msg timestamp="20210420 00:12:18.218" level="INFO">${object} = {'url': 'http://www.westwingnow.de', 'browserType': 'chrome'}</msg>
<status status="PASS" starttime="20210420 00:12:18.216" endtime="20210420 00:12:18.218"/>
</kw>
<kw name="Set Variable" library="BuiltIn">
<var>${url}</var>
<arg>${object["url"]}</arg>
<doc>Returns the given values which can then be assigned to a variables.</doc>
<msg timestamp="20210420 00:12:18.218" level="INFO">${url} = http://www.westwingnow.de</msg>
<status status="PASS" starttime="20210420 00:12:18.218" endtime="20210420 00:12:18.218"/>
</kw>
<kw name="Set Variable" library="BuiltIn">
<var>${browser_type}</var>
<arg>${object["browserType"]}</arg>
<doc>Returns the given values which can then be assigned to a variables.</doc>
<msg timestamp="20210420 00:12:18.218" level="INFO">${browser_type} = chrome</msg>
<status status="PASS" starttime="20210420 00:12:18.218" endtime="20210420 00:12:18.218"/>
</kw>
<msg timestamp="20210420 00:12:18.218" level="INFO">${url} = http://www.westwingnow.de</msg>
<msg timestamp="20210420 00:12:18.218" level="INFO">${browser_type} = chrome</msg>
<status status="PASS" starttime="20210420 00:12:18.216" endtime="20210420 00:12:18.218"/>
</kw>
<kw name="Get user credentials" library="CommonKeywords">
<var>${email}</var>
<var>${password}</var>
<doc>Return email and password locators</doc>
<kw name="Read user credentials' locators" library="CommonKeywords">
<var>${object}</var>
<doc>Get username and password xpaths</doc>
<kw name="Get File" library="OperatingSystem">
<var>${json}</var>
<arg>../data/user_credentials.json</arg>
<doc>Returns the contents of a specified file.</doc>
<msg timestamp="20210420 00:12:18.218" level="INFO" html="true">Getting file '&lt;a href="file://C:\Users\mert.yesin\PycharmProjects\westwing\data\user_credentials.json"&gt;C:\Users\mert.yesin\PycharmProjects\westwing\data\user_credentials.json&lt;/a&gt;'.</msg>
<msg timestamp="20210420 00:12:18.218" level="INFO">${json} = {
  "registerInfo": [
    {
      "first_name": "Mustafa Mert",
      "last_name": "Yesin",
      "phone": "+905315993639",
      "email": "mertyesin89@gmail.com",
      "password": "14101969944"
    ...</msg>
<status status="PASS" starttime="20210420 00:12:18.218" endtime="20210420 00:12:18.218"/>
</kw>
<kw name="Evaluate" library="BuiltIn">
<var>${object}</var>
<arg>json.loads(r'''${json}''')</arg>
<doc>Evaluates the given expression in Python and returns the result.</doc>
<msg timestamp="20210420 00:12:18.218" level="INFO">${object} = {'registerInfo': [{'first_name': 'Mustafa Mert', 'last_name': 'Yesin', 'phone': '+905315993639', 'email': 'mertyesin89@gmail.com', 'password': '14101969944'}]}</msg>
<status status="PASS" starttime="20210420 00:12:18.218" endtime="20210420 00:12:18.218"/>
</kw>
<msg timestamp="20210420 00:12:18.218" level="INFO">${object} = {'registerInfo': [{'first_name': 'Mustafa Mert', 'last_name': 'Yesin', 'phone': '+905315993639', 'email': 'mertyesin89@gmail.com', 'password': '14101969944'}]}</msg>
<status status="PASS" starttime="20210420 00:12:18.218" endtime="20210420 00:12:18.218"/>
</kw>
<kw name="Set Variable" library="BuiltIn">
<var>${email}</var>
<arg>${object["registerInfo"][0]["email"]}</arg>
<doc>Returns the given values which can then be assigned to a variables.</doc>
<msg timestamp="20210420 00:12:18.218" level="INFO">${email} = mertyesin89@gmail.com</msg>
<status status="PASS" starttime="20210420 00:12:18.218" endtime="20210420 00:12:18.218"/>
</kw>
<kw name="Set Variable" library="BuiltIn">
<var>${password}</var>
<arg>${object["registerInfo"][0]["password"]}</arg>
<doc>Returns the given values which can then be assigned to a variables.</doc>
<msg timestamp="20210420 00:12:18.223" level="INFO">${password} = 14101969944</msg>
<status status="PASS" starttime="20210420 00:12:18.218" endtime="20210420 00:12:18.223"/>
</kw>
<msg timestamp="20210420 00:12:18.223" level="INFO">${email} = mertyesin89@gmail.com</msg>
<msg timestamp="20210420 00:12:18.223" level="INFO">${password} = 14101969944</msg>
<status status="PASS" starttime="20210420 00:12:18.218" endtime="20210420 00:12:18.223"/>
</kw>
<kw name="Open Browser" library="SeleniumLibrary">
<arg>${url}</arg>
<arg>${browser_type}</arg>
<doc>Opens a new browser instance to the optional ``url``.</doc>
<msg timestamp="20210420 00:12:18.223" level="INFO">Opening browser 'chrome' to base url 'http://www.westwingnow.de'.</msg>
<status status="PASS" starttime="20210420 00:12:18.223" endtime="20210420 00:12:21.342"/>
</kw>
<kw name="Sleep" library="BuiltIn">
<arg>5</arg>
<doc>Pauses the test executed for the given time.</doc>
<msg timestamp="20210420 00:12:26.349" level="INFO">Slept 5 seconds</msg>
<status status="PASS" starttime="20210420 00:12:21.342" endtime="20210420 00:12:26.349"/>
</kw>
<kw name="Login" library="LoginPage">
<arg>${email}</arg>
<arg>${password}</arg>
<kw name="Accept Cookies" library="LoginPage">
<kw name="Get cookie button" library="CommonKeywords">
<var>${Cookie_button}</var>
<doc>TBD</doc>
<kw name="Read object repository locators" library="CommonKeywords">
<var>${object}</var>
<doc>For all elements on website, this keyword is returns an xpath collection for other keywords</doc>
<kw name="Get File" library="OperatingSystem">
<var>${json}</var>
<arg>../library/ObjectRepository.json</arg>
<doc>Returns the contents of a specified file.</doc>
<msg timestamp="20210420 00:12:26.349" level="INFO" html="true">Getting file '&lt;a href="file://C:\Users\mert.yesin\PycharmProjects\westwing\library\ObjectRepository.json"&gt;C:\Users\mert.yesin\PycharmProjects\westwing\library\ObjectRepository.json&lt;/a&gt;'.</msg>
<msg timestamp="20210420 00:12:26.349" level="INFO">${json} = {
   "MainPage":[
      {
         "MenuTab":[
            {
               "Neu":"",
               "Collection":"",
               "Looks":"",
               "Mobel":"//*[@id=\"wwOneHeader\"]/div/di...</msg>
<status status="PASS" starttime="20210420 00:12:26.349" endtime="20210420 00:12:26.349"/>
</kw>
<kw name="Evaluate" library="BuiltIn">
<var>${object}</var>
<arg>json.loads(r'''${json}''')</arg>
<doc>Evaluates the given expression in Python and returns the result.</doc>
<msg timestamp="20210420 00:12:26.349" level="INFO">${object} = {'MainPage': [{'MenuTab': [{'Neu': '', 'Collection': '', 'Looks': '', 'Mobel': '//*[@id="wwOneHeader"]/div/div[2]/nav/ul/li[4]/a/span[2]', 'Deko': '', 'Leuchten': '', 'Textilien': '', 'Tisch &amp; Bar': '...</msg>
<status status="PASS" starttime="20210420 00:12:26.349" endtime="20210420 00:12:26.349"/>
</kw>
<msg timestamp="20210420 00:12:26.349" level="INFO">${object} = {'MainPage': [{'MenuTab': [{'Neu': '', 'Collection': '', 'Looks': '', 'Mobel': '//*[@id="wwOneHeader"]/div/div[2]/nav/ul/li[4]/a/span[2]', 'Deko': '', 'Leuchten': '', 'Textilien': '', 'Tisch &amp; Bar': '...</msg>
<status status="PASS" starttime="20210420 00:12:26.349" endtime="20210420 00:12:26.349"/>
</kw>
<kw name="Set Variable" library="BuiltIn">
<var>${Cookie_button}</var>
<arg>${object["MainPage"][0]["MenuTab"][1]["acceptCookie"]}</arg>
<doc>Returns the given values which can then be assigned to a variables.</doc>
<msg timestamp="20210420 00:12:26.349" level="INFO">${Cookie_button} = //*[@id="onetrust-accept-btn-handler"]</msg>
<status status="PASS" starttime="20210420 00:12:26.349" endtime="20210420 00:12:26.349"/>
</kw>
<msg timestamp="20210420 00:12:26.349" level="INFO">${Cookie_button} = //*[@id="onetrust-accept-btn-handler"]</msg>
<status status="PASS" starttime="20210420 00:12:26.349" endtime="20210420 00:12:26.349"/>
</kw>
<kw name="Click Element" library="SeleniumLibrary">
<arg>${Cookie_button}</arg>
<doc>Click the element identified by ``locator``.</doc>
<msg timestamp="20210420 00:12:26.349" level="INFO">Clicking element '//*[@id="onetrust-accept-btn-handler"]'.</msg>
<status status="PASS" starttime="20210420 00:12:26.349" endtime="20210420 00:12:26.412"/>
</kw>
<status status="PASS" starttime="20210420 00:12:26.349" endtime="20210420 00:12:26.412"/>
</kw>
<kw name="Input Username and Password" library="LoginPage">
<arg>${email}</arg>
<arg>${password}</arg>
<kw name="Get xpaths of login window from the JSON file for Home Page" library="CommonKeywords">
<var>${username_locator}</var>
<var>${password_locator}</var>
<var>${recieveMailBox}</var>
<var>${RegisterButton}</var>
<doc>TBD</doc>
<kw name="Read object repository locators" library="CommonKeywords">
<var>${object}</var>
<doc>For all elements on website, this keyword is returns an xpath collection for other keywords</doc>
<kw name="Get File" library="OperatingSystem">
<var>${json}</var>
<arg>../library/ObjectRepository.json</arg>
<doc>Returns the contents of a specified file.</doc>
<msg timestamp="20210420 00:12:26.414" level="INFO" html="true">Getting file '&lt;a href="file://C:\Users\mert.yesin\PycharmProjects\westwing\library\ObjectRepository.json"&gt;C:\Users\mert.yesin\PycharmProjects\westwing\library\ObjectRepository.json&lt;/a&gt;'.</msg>
<msg timestamp="20210420 00:12:26.415" level="INFO">${json} = {
   "MainPage":[
      {
         "MenuTab":[
            {
               "Neu":"",
               "Collection":"",
               "Looks":"",
               "Mobel":"//*[@id=\"wwOneHeader\"]/div/di...</msg>
<status status="PASS" starttime="20210420 00:12:26.414" endtime="20210420 00:12:26.415"/>
</kw>
<kw name="Evaluate" library="BuiltIn">
<var>${object}</var>
<arg>json.loads(r'''${json}''')</arg>
<doc>Evaluates the given expression in Python and returns the result.</doc>
<msg timestamp="20210420 00:12:26.415" level="INFO">${object} = {'MainPage': [{'MenuTab': [{'Neu': '', 'Collection': '', 'Looks': '', 'Mobel': '//*[@id="wwOneHeader"]/div/div[2]/nav/ul/li[4]/a/span[2]', 'Deko': '', 'Leuchten': '', 'Textilien': '', 'Tisch &amp; Bar': '...</msg>
<status status="PASS" starttime="20210420 00:12:26.415" endtime="20210420 00:12:26.415"/>
</kw>
<msg timestamp="20210420 00:12:26.416" level="INFO">${object} = {'MainPage': [{'MenuTab': [{'Neu': '', 'Collection': '', 'Looks': '', 'Mobel': '//*[@id="wwOneHeader"]/div/div[2]/nav/ul/li[4]/a/span[2]', 'Deko': '', 'Leuchten': '', 'Textilien': '', 'Tisch &amp; Bar': '...</msg>
<status status="PASS" starttime="20210420 00:12:26.414" endtime="20210420 00:12:26.416"/>
</kw>
<kw name="Set Variable" library="BuiltIn">
<var>${username}</var>
<arg>${object["MainPage"][2]["LoginPage"][0]["username"]}</arg>
<doc>Returns the given values which can then be assigned to a variables.</doc>
<msg timestamp="20210420 00:12:26.417" level="INFO">${username} = //input[@type='email']</msg>
<status status="PASS" starttime="20210420 00:12:26.416" endtime="20210420 00:12:26.417"/>
</kw>
<kw name="Set Variable" library="BuiltIn">
<var>${password}</var>
<arg>${object["MainPage"][2]["LoginPage"][0]["password"]}</arg>
<doc>Returns the given values which can then be assigned to a variables.</doc>
<msg timestamp="20210420 00:12:26.419" level="INFO">${password} = //input[@type='password']</msg>
<status status="PASS" starttime="20210420 00:12:26.417" endtime="20210420 00:12:26.419"/>
</kw>
<kw name="Set Variable" library="BuiltIn">
<var>${recieveMailBox}</var>
<arg>${object["MainPage"][2]["LoginPage"][0]["recieveMailBox"]}</arg>
<doc>Returns the given values which can then be assigned to a variables.</doc>
<msg timestamp="20210420 00:12:26.420" level="INFO">${recieveMailBox} = //input[@type='checkbox']</msg>
<status status="PASS" starttime="20210420 00:12:26.420" endtime="20210420 00:12:26.421"/>
</kw>
<kw name="Set Variable" library="BuiltIn">
<var>${RegisterButton}</var>
<arg>${object["MainPage"][2]["LoginPage"][0]["RegisterButton"]}</arg>
<doc>Returns the given values which can then be assigned to a variables.</doc>
<msg timestamp="20210420 00:12:26.421" level="INFO">${RegisterButton} = //button[@type='submit']</msg>
<status status="PASS" starttime="20210420 00:12:26.421" endtime="20210420 00:12:26.421"/>
</kw>
<msg timestamp="20210420 00:12:26.422" level="INFO">${username_locator} = //input[@type='email']</msg>
<msg timestamp="20210420 00:12:26.422" level="INFO">${password_locator} = //input[@type='password']</msg>
<msg timestamp="20210420 00:12:26.422" level="INFO">${recieveMailBox} = //input[@type='checkbox']</msg>
<msg timestamp="20210420 00:12:26.422" level="INFO">${RegisterButton} = //button[@type='submit']</msg>
<status status="PASS" starttime="20210420 00:12:26.413" endtime="20210420 00:12:26.422"/>
</kw>
<kw name="Input Text" library="SeleniumLibrary">
<arg>${username_locator}</arg>
<arg>${email}</arg>
<doc>Types the given ``text`` into the text field identified by ``locator``.</doc>
<msg timestamp="20210420 00:12:26.422" level="INFO">Typing text 'mertyesin89@gmail.com' into text field '//input[@type='email']'.</msg>
<status status="PASS" starttime="20210420 00:12:26.422" endtime="20210420 00:12:26.553"/>
</kw>
<kw name="Input Text" library="SeleniumLibrary">
<arg>${password_locator}</arg>
<arg>${password}</arg>
<doc>Types the given ``text`` into the text field identified by ``locator``.</doc>
<msg timestamp="20210420 00:12:26.554" level="INFO">Typing text '14101969944' into text field '//input[@type='password']'.</msg>
<status status="PASS" starttime="20210420 00:12:26.554" endtime="20210420 00:12:26.688"/>
</kw>
<kw name="Accept mail registration" library="LoginPage">
<arg>${recieveMailBox}</arg>
<kw name="Click Element" library="SeleniumLibrary">
<arg>${recieveMailBox}</arg>
<doc>Click the element identified by ``locator``.</doc>
<msg timestamp="20210420 00:12:26.690" level="INFO">Clicking element '//input[@type='checkbox']'.</msg>
<status status="PASS" starttime="20210420 00:12:26.690" endtime="20210420 00:12:26.815"/>
</kw>
<status status="PASS" starttime="20210420 00:12:26.688" endtime="20210420 00:12:26.815"/>
</kw>
<kw name="Click Element" library="SeleniumLibrary">
<arg>${RegisterButton}</arg>
<doc>Click the element identified by ``locator``.</doc>
<msg timestamp="20210420 00:12:26.815" level="INFO">Clicking element '//button[@type='submit']'.</msg>
<status status="PASS" starttime="20210420 00:12:26.815" endtime="20210420 00:12:26.898"/>
</kw>
<status status="PASS" starttime="20210420 00:12:26.413" endtime="20210420 00:12:26.898"/>
</kw>
<status status="PASS" starttime="20210420 00:12:26.349" endtime="20210420 00:12:26.898"/>
</kw>
<status status="PASS" starttime="20210420 00:12:18.216" endtime="20210420 00:12:26.899"/>
</kw>
<kw name="Add first listed product in Mobel Section to the Wishlist" library="PageObjects">
<kw name="Go to Mobel Menu from Home Page" library="HomePage">
<doc>TBD</doc>
<kw name="Get xpaths from the JSON file for Home Page" library="CommonKeywords">
<var>${mobel_xpath}</var>
<var>${SearchBox}</var>
<doc>Return Home Page locators</doc>
<kw name="Read object repository locators" library="CommonKeywords">
<var>${object}</var>
<doc>For all elements on website, this keyword is returns an xpath collection for other keywords</doc>
<kw name="Get File" library="OperatingSystem">
<var>${json}</var>
<arg>../library/ObjectRepository.json</arg>
<doc>Returns the contents of a specified file.</doc>
<msg timestamp="20210420 00:12:26.900" level="INFO" html="true">Getting file '&lt;a href="file://C:\Users\mert.yesin\PycharmProjects\westwing\library\ObjectRepository.json"&gt;C:\Users\mert.yesin\PycharmProjects\westwing\library\ObjectRepository.json&lt;/a&gt;'.</msg>
<msg timestamp="20210420 00:12:26.901" level="INFO">${json} = {
   "MainPage":[
      {
         "MenuTab":[
            {
               "Neu":"",
               "Collection":"",
               "Looks":"",
               "Mobel":"//*[@id=\"wwOneHeader\"]/div/di...</msg>
<status status="PASS" starttime="20210420 00:12:26.900" endtime="20210420 00:12:26.901"/>
</kw>
<kw name="Evaluate" library="BuiltIn">
<var>${object}</var>
<arg>json.loads(r'''${json}''')</arg>
<doc>Evaluates the given expression in Python and returns the result.</doc>
<msg timestamp="20210420 00:12:26.901" level="INFO">${object} = {'MainPage': [{'MenuTab': [{'Neu': '', 'Collection': '', 'Looks': '', 'Mobel': '//*[@id="wwOneHeader"]/div/div[2]/nav/ul/li[4]/a/span[2]', 'Deko': '', 'Leuchten': '', 'Textilien': '', 'Tisch &amp; Bar': '...</msg>
<status status="PASS" starttime="20210420 00:12:26.901" endtime="20210420 00:12:26.901"/>
</kw>
<msg timestamp="20210420 00:12:26.901" level="INFO">${object} = {'MainPage': [{'MenuTab': [{'Neu': '', 'Collection': '', 'Looks': '', 'Mobel': '//*[@id="wwOneHeader"]/div/div[2]/nav/ul/li[4]/a/span[2]', 'Deko': '', 'Leuchten': '', 'Textilien': '', 'Tisch &amp; Bar': '...</msg>
<status status="PASS" starttime="20210420 00:12:26.900" endtime="20210420 00:12:26.901"/>
</kw>
<kw name="Set Variable" library="BuiltIn">
<var>${mobel_xpath}</var>
<arg>${object["MainPage"][0]["MenuTab"][0]["Mobel"]}</arg>
<doc>Returns the given values which can then be assigned to a variables.</doc>
<msg timestamp="20210420 00:12:26.902" level="INFO">${mobel_xpath} = //*[@id="wwOneHeader"]/div/div[2]/nav/ul/li[4]/a/span[2]</msg>
<status status="PASS" starttime="20210420 00:12:26.901" endtime="20210420 00:12:26.902"/>
</kw>
<kw name="Set Variable" library="BuiltIn">
<var>${SearchBox}</var>
<arg>${object["MainPage"][0]["MenuTab"][1]["searchBox"]}</arg>
<doc>Returns the given values which can then be assigned to a variables.</doc>
<msg timestamp="20210420 00:12:26.902" level="INFO">${SearchBox} = //*[@id="wwOneHeader"]/div/div[1]/header/div[6]/div[1]/form/input</msg>
<status status="PASS" starttime="20210420 00:12:26.902" endtime="20210420 00:12:26.902"/>
</kw>
<msg timestamp="20210420 00:12:26.903" level="INFO">${mobel_xpath} = //*[@id="wwOneHeader"]/div/div[2]/nav/ul/li[4]/a/span[2]</msg>
<msg timestamp="20210420 00:12:26.903" level="INFO">${SearchBox} = //*[@id="wwOneHeader"]/div/div[1]/header/div[6]/div[1]/form/input</msg>
<status status="PASS" starttime="20210420 00:12:26.899" endtime="20210420 00:12:26.903"/>
</kw>
<kw name="Sleep" library="BuiltIn">
<arg>3</arg>
<doc>Pauses the test executed for the given time.</doc>
<msg timestamp="20210420 00:12:29.918" level="INFO">Slept 3 seconds</msg>
<status status="PASS" starttime="20210420 00:12:26.903" endtime="20210420 00:12:29.918"/>
</kw>
<kw name="Click Element" library="SeleniumLibrary">
<arg>${mobel_xpath}</arg>
<doc>Click the element identified by ``locator``.</doc>
<msg timestamp="20210420 00:12:29.918" level="INFO">Clicking element '//*[@id="wwOneHeader"]/div/div[2]/nav/ul/li[4]/a/span[2]'.</msg>
<status status="PASS" starttime="20210420 00:12:29.918" endtime="20210420 00:12:30.000"/>
</kw>
<kw name="Click Element" library="SeleniumLibrary">
<arg>${SearchBox}</arg>
<doc>Click the element identified by ``locator``.</doc>
<msg timestamp="20210420 00:12:30.000" level="INFO">Clicking element '//*[@id="wwOneHeader"]/div/div[1]/header/div[6]/div[1]/form/input'.</msg>
<status status="PASS" starttime="20210420 00:12:30.000" endtime="20210420 00:12:30.080"/>
</kw>
<kw name="Maximize Browser Window" library="SeleniumLibrary">
<doc>Maximizes current browser window.</doc>
<status status="PASS" starttime="20210420 00:12:30.080" endtime="20210420 00:12:30.213"/>
</kw>
<status status="PASS" starttime="20210420 00:12:26.899" endtime="20210420 00:12:30.214"/>
</kw>
<kw name="Sleep" library="BuiltIn">
<arg>5</arg>
<doc>Pauses the test executed for the given time.</doc>
<msg timestamp="20210420 00:12:35.218" level="INFO">Slept 5 seconds</msg>
<status status="PASS" starttime="20210420 00:12:30.214" endtime="20210420 00:12:35.218"/>
</kw>
<kw name="Add item to wishlist" library="MobelPage">
<kw name="Get xpaths from the JSON file for Mobel Page" library="CommonKeywords">
<var>${firstProductHeart}</var>
<doc>Returns product's heart item on top right</doc>
<kw name="Read object repository locators" library="CommonKeywords">
<var>${object}</var>
<doc>For all elements on website, this keyword is returns an xpath collection for other keywords</doc>
<kw name="Get File" library="OperatingSystem">
<var>${json}</var>
<arg>../library/ObjectRepository.json</arg>
<doc>Returns the contents of a specified file.</doc>
<msg timestamp="20210420 00:12:35.218" level="INFO" html="true">Getting file '&lt;a href="file://C:\Users\mert.yesin\PycharmProjects\westwing\library\ObjectRepository.json"&gt;C:\Users\mert.yesin\PycharmProjects\westwing\library\ObjectRepository.json&lt;/a&gt;'.</msg>
<msg timestamp="20210420 00:12:35.223" level="INFO">${json} = {
   "MainPage":[
      {
         "MenuTab":[
            {
               "Neu":"",
               "Collection":"",
               "Looks":"",
               "Mobel":"//*[@id=\"wwOneHeader\"]/div/di...</msg>
<status status="PASS" starttime="20210420 00:12:35.218" endtime="20210420 00:12:35.223"/>
</kw>
<kw name="Evaluate" library="BuiltIn">
<var>${object}</var>
<arg>json.loads(r'''${json}''')</arg>
<doc>Evaluates the given expression in Python and returns the result.</doc>
<msg timestamp="20210420 00:12:35.223" level="INFO">${object} = {'MainPage': [{'MenuTab': [{'Neu': '', 'Collection': '', 'Looks': '', 'Mobel': '//*[@id="wwOneHeader"]/div/div[2]/nav/ul/li[4]/a/span[2]', 'Deko': '', 'Leuchten': '', 'Textilien': '', 'Tisch &amp; Bar': '...</msg>
<status status="PASS" starttime="20210420 00:12:35.223" endtime="20210420 00:12:35.223"/>
</kw>
<msg timestamp="20210420 00:12:35.223" level="INFO">${object} = {'MainPage': [{'MenuTab': [{'Neu': '', 'Collection': '', 'Looks': '', 'Mobel': '//*[@id="wwOneHeader"]/div/div[2]/nav/ul/li[4]/a/span[2]', 'Deko': '', 'Leuchten': '', 'Textilien': '', 'Tisch &amp; Bar': '...</msg>
<status status="PASS" starttime="20210420 00:12:35.218" endtime="20210420 00:12:35.223"/>
</kw>
<kw name="Set Variable" library="BuiltIn">
<var>${ProductHeart}</var>
<arg>${object["MainPage"][1]["MobelPage"][0]["firstProductHeart"]}</arg>
<doc>Returns the given values which can then be assigned to a variables.</doc>
<msg timestamp="20210420 00:12:35.223" level="INFO">${ProductHeart} = //*[@id="app-root"]/div/div[1]/div[7]/div/div/main/div/div[2]/div[1]/a/div/div[2]/div[2]</msg>
<status status="PASS" starttime="20210420 00:12:35.223" endtime="20210420 00:12:35.223"/>
</kw>
<msg timestamp="20210420 00:12:35.223" level="INFO">${firstProductHeart} = //*[@id="app-root"]/div/div[1]/div[7]/div/div/main/div/div[2]/div[1]/a/div/div[2]/div[2]</msg>
<status status="PASS" starttime="20210420 00:12:35.218" endtime="20210420 00:12:35.223"/>
</kw>
<kw name="Click Element" library="SeleniumLibrary">
<arg>${firstProductHeart}</arg>
<doc>Click the element identified by ``locator``.</doc>
<msg timestamp="20210420 00:12:35.223" level="INFO">Clicking element '//*[@id="app-root"]/div/div[1]/div[7]/div/div/main/div/div[2]/div[1]/a/div/div[2]/div[2]'.</msg>
<status status="PASS" starttime="20210420 00:12:35.223" endtime="20210420 00:12:35.333"/>
</kw>
<status status="PASS" starttime="20210420 00:12:35.218" endtime="20210420 00:12:35.333"/>
</kw>
<status status="PASS" starttime="20210420 00:12:26.899" endtime="20210420 00:12:35.333"/>
</kw>
<kw name="Check wishlist product count is">
<arg>1</arg>
<kw name="Get wishlist product count" library="WishlistPage">
<var>${actual_product_count}</var>
<kw name="Sleep" library="BuiltIn">
<arg>5</arg>
<doc>Pauses the test executed for the given time.</doc>
<msg timestamp="20210420 00:12:40.338" level="INFO">Slept 5 seconds</msg>
<status status="PASS" starttime="20210420 00:12:35.334" endtime="20210420 00:12:40.338"/>
</kw>
<kw name="Get xpaths from the JSON file for Wishlist Page" library="CommonKeywords">
<var>${productCountPath}</var>
<doc>Return counter for wishlist's locator</doc>
<kw name="Read object repository locators" library="CommonKeywords">
<var>${object}</var>
<doc>For all elements on website, this keyword is returns an xpath collection for other keywords</doc>
<kw name="Get File" library="OperatingSystem">
<var>${json}</var>
<arg>../library/ObjectRepository.json</arg>
<doc>Returns the contents of a specified file.</doc>
<msg timestamp="20210420 00:12:40.338" level="INFO" html="true">Getting file '&lt;a href="file://C:\Users\mert.yesin\PycharmProjects\westwing\library\ObjectRepository.json"&gt;C:\Users\mert.yesin\PycharmProjects\westwing\library\ObjectRepository.json&lt;/a&gt;'.</msg>
<msg timestamp="20210420 00:12:40.338" level="INFO">${json} = {
   "MainPage":[
      {
         "MenuTab":[
            {
               "Neu":"",
               "Collection":"",
               "Looks":"",
               "Mobel":"//*[@id=\"wwOneHeader\"]/div/di...</msg>
<status status="PASS" starttime="20210420 00:12:40.338" endtime="20210420 00:12:40.338"/>
</kw>
<kw name="Evaluate" library="BuiltIn">
<var>${object}</var>
<arg>json.loads(r'''${json}''')</arg>
<doc>Evaluates the given expression in Python and returns the result.</doc>
<msg timestamp="20210420 00:12:40.338" level="INFO">${object} = {'MainPage': [{'MenuTab': [{'Neu': '', 'Collection': '', 'Looks': '', 'Mobel': '//*[@id="wwOneHeader"]/div/div[2]/nav/ul/li[4]/a/span[2]', 'Deko': '', 'Leuchten': '', 'Textilien': '', 'Tisch &amp; Bar': '...</msg>
<status status="PASS" starttime="20210420 00:12:40.338" endtime="20210420 00:12:40.338"/>
</kw>
<msg timestamp="20210420 00:12:40.338" level="INFO">${object} = {'MainPage': [{'MenuTab': [{'Neu': '', 'Collection': '', 'Looks': '', 'Mobel': '//*[@id="wwOneHeader"]/div/div[2]/nav/ul/li[4]/a/span[2]', 'Deko': '', 'Leuchten': '', 'Textilien': '', 'Tisch &amp; Bar': '...</msg>
<status status="PASS" starttime="20210420 00:12:40.338" endtime="20210420 00:12:40.338"/>
</kw>
<kw name="Set Variable" library="BuiltIn">
<var>${WishlistCount}</var>
<arg>${object["MainPage"][3]["WishlistCount"]}</arg>
<doc>Returns the given values which can then be assigned to a variables.</doc>
<msg timestamp="20210420 00:12:40.338" level="INFO">${WishlistCount} = //*[@id="wwOneHeader"]/div/div[1]/header/div[8]/div[3]/div/span[1]/span</msg>
<status status="PASS" starttime="20210420 00:12:40.338" endtime="20210420 00:12:40.338"/>
</kw>
<msg timestamp="20210420 00:12:40.338" level="INFO">${productCountPath} = //*[@id="wwOneHeader"]/div/div[1]/header/div[8]/div[3]/div/span[1]/span</msg>
<status status="PASS" starttime="20210420 00:12:40.338" endtime="20210420 00:12:40.338"/>
</kw>
<kw name="Get Text" library="SeleniumLibrary">
<var>${productCount}</var>
<arg>${productCountPath}</arg>
<doc>Returns the text value of the element identified by ``locator``.</doc>
<msg timestamp="20210420 00:12:40.358" level="INFO">${productCount} = 1</msg>
<status status="PASS" starttime="20210420 00:12:40.338" endtime="20210420 00:12:40.358"/>
</kw>
<msg timestamp="20210420 00:12:40.358" level="INFO">${actual_product_count} = 1</msg>
<status status="PASS" starttime="20210420 00:12:35.334" endtime="20210420 00:12:40.358"/>
</kw>
<status status="PASS" starttime="20210420 00:12:35.333" endtime="20210420 00:12:40.358"/>
</kw>
<kw name="Take Screenshot" library="Screenshot">
<arg>1_item_in_wishlist_icon_and_in_the_list</arg>
<doc>Takes a screenshot in JPEG format and embeds it into the log file.</doc>
<msg timestamp="20210420 00:12:40.419" level="INFO" html="true">&lt;a href="1_item_in_wishlist_icon_and_in_the_list_2.jpg"&gt;&lt;img src="1_item_in_wishlist_icon_and_in_the_list_2.jpg" width="800px"&gt;&lt;/a&gt;</msg>
<status status="PASS" starttime="20210420 00:12:40.358" endtime="20210420 00:12:40.419"/>
</kw>
<kw name="Remove the product from wishlist" library="PageObjects">
<kw name="Go to Wishlist from Home Page" library="HomePage">
<doc>TBD</doc>
<kw name="Get xpaths from the JSON file for Wishlist Icon" library="CommonKeywords">
<var>${wishlist_icon}</var>
<doc>Return wsihlist heart locators</doc>
<kw name="Read object repository locators" library="CommonKeywords">
<var>${object}</var>
<doc>For all elements on website, this keyword is returns an xpath collection for other keywords</doc>
<kw name="Get File" library="OperatingSystem">
<var>${json}</var>
<arg>../library/ObjectRepository.json</arg>
<doc>Returns the contents of a specified file.</doc>
<msg timestamp="20210420 00:12:40.428" level="INFO" html="true">Getting file '&lt;a href="file://C:\Users\mert.yesin\PycharmProjects\westwing\library\ObjectRepository.json"&gt;C:\Users\mert.yesin\PycharmProjects\westwing\library\ObjectRepository.json&lt;/a&gt;'.</msg>
<msg timestamp="20210420 00:12:40.428" level="INFO">${json} = {
   "MainPage":[
      {
         "MenuTab":[
            {
               "Neu":"",
               "Collection":"",
               "Looks":"",
               "Mobel":"//*[@id=\"wwOneHeader\"]/div/di...</msg>
<status status="PASS" starttime="20210420 00:12:40.419" endtime="20210420 00:12:40.428"/>
</kw>
<kw name="Evaluate" library="BuiltIn">
<var>${object}</var>
<arg>json.loads(r'''${json}''')</arg>
<doc>Evaluates the given expression in Python and returns the result.</doc>
<msg timestamp="20210420 00:12:40.428" level="INFO">${object} = {'MainPage': [{'MenuTab': [{'Neu': '', 'Collection': '', 'Looks': '', 'Mobel': '//*[@id="wwOneHeader"]/div/div[2]/nav/ul/li[4]/a/span[2]', 'Deko': '', 'Leuchten': '', 'Textilien': '', 'Tisch &amp; Bar': '...</msg>
<status status="PASS" starttime="20210420 00:12:40.428" endtime="20210420 00:12:40.428"/>
</kw>
<msg timestamp="20210420 00:12:40.428" level="INFO">${object} = {'MainPage': [{'MenuTab': [{'Neu': '', 'Collection': '', 'Looks': '', 'Mobel': '//*[@id="wwOneHeader"]/div/div[2]/nav/ul/li[4]/a/span[2]', 'Deko': '', 'Leuchten': '', 'Textilien': '', 'Tisch &amp; Bar': '...</msg>
<status status="PASS" starttime="20210420 00:12:40.419" endtime="20210420 00:12:40.428"/>
</kw>
<kw name="Set Variable" library="BuiltIn">
<var>${WishlistIcon}</var>
<arg>${object["MainPage"][3]["WishlistIcon"]}</arg>
<doc>Returns the given values which can then be assigned to a variables.</doc>
<msg timestamp="20210420 00:12:40.428" level="INFO">${WishlistIcon} = //*[@id="wwOneHeader"]/div/div[1]/header/div[8]/div[3]/div/span[2]</msg>
<status status="PASS" starttime="20210420 00:12:40.428" endtime="20210420 00:12:40.428"/>
</kw>
<msg timestamp="20210420 00:12:40.428" level="INFO">${wishlist_icon} = //*[@id="wwOneHeader"]/div/div[1]/header/div[8]/div[3]/div/span[2]</msg>
<status status="PASS" starttime="20210420 00:12:40.419" endtime="20210420 00:12:40.428"/>
</kw>
<kw name="Wait Until Element Is Visible" library="SeleniumLibrary">
<arg>${wishlist_icon}</arg>
<doc>Waits until the element ``locator`` is visible.</doc>
<status status="PASS" starttime="20210420 00:12:40.428" endtime="20210420 00:12:40.452"/>
</kw>
<kw name="Click Element" library="SeleniumLibrary">
<arg>${wishlist_icon}</arg>
<doc>Click the element identified by ``locator``.</doc>
<msg timestamp="20210420 00:12:40.452" level="INFO">Clicking element '//*[@id="wwOneHeader"]/div/div[1]/header/div[8]/div[3]/div/span[2]'.</msg>
<status status="PASS" starttime="20210420 00:12:40.452" endtime="20210420 00:12:41.507"/>
</kw>
<status status="PASS" starttime="20210420 00:12:40.419" endtime="20210420 00:12:41.508"/>
</kw>
<kw name="Remove first item listed in Wishlist Page" library="WishlistPage">
<kw name="Sleep" library="BuiltIn">
<arg>5</arg>
<doc>Pauses the test executed for the given time.</doc>
<msg timestamp="20210420 00:12:46.520" level="INFO">Slept 5 seconds</msg>
<status status="PASS" starttime="20210420 00:12:41.509" endtime="20210420 00:12:46.520"/>
</kw>
<kw name="Get xpaths from the JSON file for Wishlist Product" library="CommonKeywords">
<var>${RemoveProduct}</var>
<doc>Returns the cross item for product</doc>
<kw name="Read object repository locators" library="CommonKeywords">
<var>${object}</var>
<doc>For all elements on website, this keyword is returns an xpath collection for other keywords</doc>
<kw name="Get File" library="OperatingSystem">
<var>${json}</var>
<arg>../library/ObjectRepository.json</arg>
<doc>Returns the contents of a specified file.</doc>
<msg timestamp="20210420 00:12:46.523" level="INFO" html="true">Getting file '&lt;a href="file://C:\Users\mert.yesin\PycharmProjects\westwing\library\ObjectRepository.json"&gt;C:\Users\mert.yesin\PycharmProjects\westwing\library\ObjectRepository.json&lt;/a&gt;'.</msg>
<msg timestamp="20210420 00:12:46.523" level="INFO">${json} = {
   "MainPage":[
      {
         "MenuTab":[
            {
               "Neu":"",
               "Collection":"",
               "Looks":"",
               "Mobel":"//*[@id=\"wwOneHeader\"]/div/di...</msg>
<status status="PASS" starttime="20210420 00:12:46.523" endtime="20210420 00:12:46.523"/>
</kw>
<kw name="Evaluate" library="BuiltIn">
<var>${object}</var>
<arg>json.loads(r'''${json}''')</arg>
<doc>Evaluates the given expression in Python and returns the result.</doc>
<msg timestamp="20210420 00:12:46.524" level="INFO">${object} = {'MainPage': [{'MenuTab': [{'Neu': '', 'Collection': '', 'Looks': '', 'Mobel': '//*[@id="wwOneHeader"]/div/div[2]/nav/ul/li[4]/a/span[2]', 'Deko': '', 'Leuchten': '', 'Textilien': '', 'Tisch &amp; Bar': '...</msg>
<status status="PASS" starttime="20210420 00:12:46.523" endtime="20210420 00:12:46.524"/>
</kw>
<msg timestamp="20210420 00:12:46.525" level="INFO">${object} = {'MainPage': [{'MenuTab': [{'Neu': '', 'Collection': '', 'Looks': '', 'Mobel': '//*[@id="wwOneHeader"]/div/div[2]/nav/ul/li[4]/a/span[2]', 'Deko': '', 'Leuchten': '', 'Textilien': '', 'Tisch &amp; Bar': '...</msg>
<status status="PASS" starttime="20210420 00:12:46.521" endtime="20210420 00:12:46.525"/>
</kw>
<kw name="Set Variable" library="BuiltIn">
<var>${RemoveProduct}</var>
<arg>${object["WishlistPage"][0]["Product"][0]["RemoveProduct"]}</arg>
<doc>Returns the given values which can then be assigned to a variables.</doc>
<msg timestamp="20210420 00:12:46.526" level="INFO">${RemoveProduct} = //*[@id="wishlistRoot"]/div/div[4]/div/ul/li/button</msg>
<status status="PASS" starttime="20210420 00:12:46.525" endtime="20210420 00:12:46.526"/>
</kw>
<msg timestamp="20210420 00:12:46.526" level="INFO">${RemoveProduct} = //*[@id="wishlistRoot"]/div/div[4]/div/ul/li/button</msg>
<status status="PASS" starttime="20210420 00:12:46.520" endtime="20210420 00:12:46.526"/>
</kw>
<kw name="Click Element" library="SeleniumLibrary">
<arg>${RemoveProduct}</arg>
<doc>Click the element identified by ``locator``.</doc>
<msg timestamp="20210420 00:12:46.526" level="INFO">Clicking element '//*[@id="wishlistRoot"]/div/div[4]/div/ul/li/button'.</msg>
<status status="PASS" starttime="20210420 00:12:46.526" endtime="20210420 00:12:46.567"/>
</kw>
<status status="PASS" starttime="20210420 00:12:41.508" endtime="20210420 00:12:46.567"/>
</kw>
<kw name="Sleep" library="BuiltIn">
<arg>5</arg>
<doc>Pauses the test executed for the given time.</doc>
<msg timestamp="20210420 00:12:51.574" level="INFO">Slept 5 seconds</msg>
<status status="PASS" starttime="20210420 00:12:46.567" endtime="20210420 00:12:51.574"/>
</kw>
<status status="PASS" starttime="20210420 00:12:40.419" endtime="20210420 00:12:51.574"/>
</kw>
<kw name="Take Screenshot" library="Screenshot">
<arg>no_item_in_wishlist_icon_and_in_the_list</arg>
<doc>Takes a screenshot in JPEG format and embeds it into the log file.</doc>
<msg timestamp="20210420 00:12:51.612" level="INFO" html="true">&lt;a href="no_item_in_wishlist_icon_and_in_the_list_1.jpg"&gt;&lt;img src="no_item_in_wishlist_icon_and_in_the_list_1.jpg" width="800px"&gt;&lt;/a&gt;</msg>
<status status="PASS" starttime="20210420 00:12:51.575" endtime="20210420 00:12:51.612"/>
</kw>
<kw name="Finish Test Case" library="CommonKeywords" type="TEARDOWN">
<doc>Teardown for all test cases</doc>
<kw name="Close Browser" library="SeleniumLibrary">
<doc>Closes the current browser.</doc>
<status status="PASS" starttime="20210420 00:12:51.613" endtime="20210420 00:12:53.798"/>
</kw>
<status status="PASS" starttime="20210420 00:12:51.613" endtime="20210420 00:12:53.798"/>
</kw>
<doc>This test case checks that the items which are added to wishlist and removed from wishlist</doc>
<status status="PASS" starttime="20210420 00:12:18.208" endtime="20210420 00:12:53.798"/>
</test>
<doc>Westwing website wishlist test</doc>
<status status="PASS" starttime="20210420 00:12:17.871" endtime="20210420 00:12:53.798"/>
</suite>
<statistics>
<total>
<stat pass="1" fail="0" skip="0">All Tests</stat>
</total>
<tag>
</tag>
<suite>
<stat pass="1" fail="0" skip="0" id="s1" name="WishlistTest">WishlistTest</stat>
</suite>
</statistics>
<errors>
</errors>
</robot>
